<?xml version="1.0" encoding="UTF-8"?>
<!-- Generated by org.testng.reporters.JUnitReportReporter -->
<testsuite skipped="0" hostname="DESKTOP-2AKDMFS" name="Class1" tests="1" failures="0" timestamp="2021-03-07T08:53:47 IST" time="0.026" errors="0">
  <testcase name="testMethod" time="0.026" classname="Class1"/>
  <system-out/>
</testsuite> <!-- Class1 -->
